D:\Visual Studio\Shared\MSBuild\Microsoft\VC\v170\Microsoft.CppBuild.targets(517,5): warning MSB8004: Output Directory does not end with a trailing slash.  This build instance will add the slash as it is required to allow proper evaluation of the Output Directory.
  level.cpp
C:\Users\Alex\source\repos\p3220035_p3220191\Stage4\level.cpp(198,34): warning C4305: 'argument': truncation from 'double' to 'float'
C:\Users\Alex\source\repos\p3220035_p3220191\Stage4\level.cpp(202,35): warning C4305: 'argument': truncation from 'double' to 'float'
C:\Users\Alex\source\repos\p3220035_p3220191\Stage4\level.cpp(842,22): warning C4305: '+=': truncation from 'double' to 'float'
C:\Users\Alex\source\repos\p3220035_p3220191\Stage4\level.cpp(878,22): warning C4305: '+=': truncation from 'double' to 'float'
C:\Users\Alex\source\repos\p3220035_p3220191\Stage4\level.cpp(1096,22): warning C4305: 'argument': truncation from 'double' to 'float'
C:\Users\Alex\source\repos\p3220035_p3220191\Stage4\level.cpp(1102,22): warning C4305: 'argument': truncation from 'double' to 'float'
C:\Users\Alex\source\repos\p3220035_p3220191\Stage4\level.cpp(1108,22): warning C4305: 'argument': truncation from 'double' to 'float'
C:\Users\Alex\source\repos\p3220035_p3220191\Stage4\level.cpp(1113,22): warning C4305: 'argument': truncation from 'double' to 'float'
C:\Users\Alex\source\repos\p3220035_p3220191\Stage4\level.cpp(1121,22): warning C4305: 'argument': truncation from 'double' to 'float'
C:\Users\Alex\source\repos\p3220035_p3220191\Stage4\level.cpp(1128,22): warning C4305: 'argument': truncation from 'double' to 'float'
C:\Users\Alex\source\repos\p3220035_p3220191\Stage4\level.cpp(1135,22): warning C4305: 'argument': truncation from 'double' to 'float'
C:\Users\Alex\source\repos\p3220035_p3220191\Stage4\level.cpp(1142,22): warning C4305: 'argument': truncation from 'double' to 'float'
C:\Users\Alex\source\repos\p3220035_p3220191\Stage4\level.cpp(1269,14): warning C4553: '==': result of expression not used; did you intend '='?
C:\Users\Alex\source\repos\p3220035_p3220191\Stage4\level.cpp(1349,14): warning C4553: '==': result of expression not used; did you intend '='?
  Generating code
  1 of 479 functions ( 0.2%) were compiled, the rest were copied from previous compilation.
    0 functions were new in current compilation
    2 functions had inline decision re-evaluated but remain unchanged
  Finished generating code
  Stage4.vcxproj -> C:\Users\Alex\source\repos\p3220035_p3220191\bin\Stage4.exe
