D:\Visual Studio\Shared\MSBuild\Microsoft\VC\v170\Microsoft.CppBuild.targets(517,5): warning MSB8004: Output Directory does not end with a trailing slash.  This build instance will add the slash as it is required to allow proper evaluation of the Output Directory.
  Coin.cpp
  gameobject.cpp
  gamestate.cpp
  level.cpp
C:\Users\Alex\source\repos\p3220035_p3220191\Stage4\level.cpp(198,34): warning C4305: 'argument': truncation from 'double' to 'float'
C:\Users\Alex\source\repos\p3220035_p3220191\Stage4\level.cpp(202,35): warning C4305: 'argument': truncation from 'double' to 'float'
C:\Users\Alex\source\repos\p3220035_p3220191\Stage4\level.cpp(842,22): warning C4305: '+=': truncation from 'double' to 'float'
C:\Users\Alex\source\repos\p3220035_p3220191\Stage4\level.cpp(878,22): warning C4305: '+=': truncation from 'double' to 'float'
C:\Users\Alex\source\repos\p3220035_p3220191\Stage4\level.cpp(1096,22): warning C4305: 'argument': truncation from 'double' to 'float'
C:\Users\Alex\source\repos\p3220035_p3220191\Stage4\level.cpp(1102,22): warning C4305: 'argument': truncation from 'double' to 'float'
C:\Users\Alex\source\repos\p3220035_p3220191\Stage4\level.cpp(1108,22): warning C4305: 'argument': truncation from 'double' to 'float'
C:\Users\Alex\source\repos\p3220035_p3220191\Stage4\level.cpp(1113,22): warning C4305: 'argument': truncation from 'double' to 'float'
C:\Users\Alex\source\repos\p3220035_p3220191\Stage4\level.cpp(1121,22): warning C4305: 'argument': truncation from 'double' to 'float'
C:\Users\Alex\source\repos\p3220035_p3220191\Stage4\level.cpp(1128,22): warning C4305: 'argument': truncation from 'double' to 'float'
C:\Users\Alex\source\repos\p3220035_p3220191\Stage4\level.cpp(1135,22): warning C4305: 'argument': truncation from 'double' to 'float'
C:\Users\Alex\source\repos\p3220035_p3220191\Stage4\level.cpp(1142,22): warning C4305: 'argument': truncation from 'double' to 'float'
C:\Users\Alex\source\repos\p3220035_p3220191\Stage4\level.cpp(1272,14): warning C4553: '==': result of expression not used; did you intend '='?
C:\Users\Alex\source\repos\p3220035_p3220191\Stage4\level.cpp(1348,14): warning C4553: '==': result of expression not used; did you intend '='?
  main.cpp
  newenemy.cpp
  player.cpp
C:\Users\Alex\source\repos\p3220035_p3220191\Stage4\player.cpp(294,38): warning C4806: '==': unsafe operation: no value of type 'bool' promoted to type 'Player::AnimationState' can equal the given constant
  Generating Code...
  LINK : C:\Users\Alex\source\repos\p3220035_p3220191\bin\Stage4d.exe not found or not built by the last incremental link; performing full link
sggd.lib(graphics.obj) : warning LNK4099: PDB '' was not found with 'sggd.lib(graphics.obj)' or at ''; linking object as if no debug info
sggd.lib(GLbackend.obj) : warning LNK4099: PDB '' was not found with 'sggd.lib(GLbackend.obj)' or at ''; linking object as if no debug info
sggd.lib(shader.obj) : warning LNK4099: PDB '' was not found with 'sggd.lib(shader.obj)' or at ''; linking object as if no debug info
sggd.lib(fonts.obj) : warning LNK4099: PDB '' was not found with 'sggd.lib(fonts.obj)' or at ''; linking object as if no debug info
sggd.lib(texture.obj) : warning LNK4099: PDB '' was not found with 'sggd.lib(texture.obj)' or at ''; linking object as if no debug info
sggd.lib(AudioManager.obj) : warning LNK4099: PDB '' was not found with 'sggd.lib(AudioManager.obj)' or at ''; linking object as if no debug info
sggd.lib(lodepng.obj) : warning LNK4099: PDB '' was not found with 'sggd.lib(lodepng.obj)' or at ''; linking object as if no debug info
  Stage4.vcxproj -> C:\Users\Alex\source\repos\p3220035_p3220191\bin\Stage4d.exe
